<?xml version="1.0" encoding="UTF-8"?>
<!-- Generated by org.testng.reporters.JUnitReportReporter -->
<testsuite skipped="3" hostname="Jeys-MBP.home" name="com.qa.hubspot.tests.LoginPageTest" tests="4" failures="0" timestamp="2020-06-18T21:27:34 EDT" time="5.877" errors="0">
  <testcase name="verifyLoginPageTest" time="5.877" classname="com.qa.hubspot.tests.LoginPageTest"/>
  <testcase name="verifyAccountdontHaveText" classname="com.qa.hubspot.tests.LoginPageTest">
    <skipped/>
  </testcase> <!-- verifyAccountdontHaveText -->
  <testcase name="verifyLoginTest" classname="com.qa.hubspot.tests.LoginPageTest">
    <skipped/>
  </testcase> <!-- verifyLoginTest -->
  <testcase name="verifySignUpLink" classname="com.qa.hubspot.tests.LoginPageTest">
    <skipped/>
  </testcase> <!-- verifySignUpLink -->
</testsuite> <!-- com.qa.hubspot.tests.LoginPageTest -->
