<?xml version="1.0" encoding="UTF-8"?>
<!-- Generated by org.testng.reporters.JUnitReportReporter -->
<testsuite skipped="0" hostname="Jeys-MBP.home" name="com.qa.hubspot.tests.HomePageTest" tests="5" failures="0" timestamp="2020-06-17T19:19:43 EDT" time="2.488" errors="0">
  <testcase name="verifyAssignedLabeldisplayedTest" time="2.002" classname="com.qa.hubspot.tests.HomePageTest"/>
  <testcase name="verifyHomePageHeaderTest" time="0.303" classname="com.qa.hubspot.tests.HomePageTest"/>
  <testcase name="verifyLoggedInUserTest" time="0.053" classname="com.qa.hubspot.tests.HomePageTest"/>
  <testcase name="verifyHomePageTitleTest" time="0.009" classname="com.qa.hubspot.tests.HomePageTest"/>
  <testcase name="verifyFilterdashboardDisplayedTest" time="0.121" classname="com.qa.hubspot.tests.HomePageTest"/>
</testsuite> <!-- com.qa.hubspot.tests.HomePageTest -->
