<?xml version="1.0" encoding="UTF-8"?>
<!-- Generated by org.testng.reporters.JUnitReportReporter -->
<testsuite skipped="0" hostname="Jeys-MBP.home" name="com.qa.hubspot.tests.HomePageTest" tests="5" failures="0" timestamp="2020-05-28T22:23:20 EDT" time="1.757" errors="0">
  <testcase name="verifyAssignedLabeldisplayedTest" time="1.465" classname="com.qa.hubspot.tests.HomePageTest"/>
  <testcase name="verifyHomePageHeaderTest" time="0.129" classname="com.qa.hubspot.tests.HomePageTest"/>
  <testcase name="verifyLoggedInUserTest" time="0.115" classname="com.qa.hubspot.tests.HomePageTest"/>
  <testcase name="verifyHomePageTitleTest" time="0.005" classname="com.qa.hubspot.tests.HomePageTest"/>
  <testcase name="verifyFilterdashboardDisplayedTest" time="0.043" classname="com.qa.hubspot.tests.HomePageTest"/>
</testsuite> <!-- com.qa.hubspot.tests.HomePageTest -->
