<?xml version="1.0" encoding="UTF-8"?>
<!-- Generated by org.testng.reporters.JUnitReportReporter -->
<testsuite skipped="0" hostname="Jeys-MBP.home" name="com.qa.hubspot.tests.HomePageTest" tests="5" failures="0" timestamp="2020-06-01T22:09:12 EDT" time="1.787" errors="0">
  <testcase name="verifyAssignedLabeldisplayedTest" time="1.271" classname="com.qa.hubspot.tests.HomePageTest"/>
  <testcase name="verifyHomePageHeaderTest" time="0.180" classname="com.qa.hubspot.tests.HomePageTest"/>
  <testcase name="verifyLoggedInUserTest" time="0.037" classname="com.qa.hubspot.tests.HomePageTest"/>
  <testcase name="verifyHomePageTitleTest" time="0.007" classname="com.qa.hubspot.tests.HomePageTest"/>
  <testcase name="verifyFilterdashboardDisplayedTest" time="0.292" classname="com.qa.hubspot.tests.HomePageTest"/>
</testsuite> <!-- com.qa.hubspot.tests.HomePageTest -->
