<?xml version="1.0" encoding="UTF-8"?>
<!-- Generated by org.testng.reporters.JUnitReportReporter -->
<testsuite skipped="0" hostname="Jeys-MBP.home" name="com.qa.hubspot.tests.LoginPageTest" tests="4" failures="0" timestamp="2020-05-28T22:23:20 EDT" time="6.324" errors="0">
  <testcase name="verifyAccountdontHaveText" time="5.791" classname="com.qa.hubspot.tests.LoginPageTest"/>
  <testcase name="verifySignUpLink" time="0.043" classname="com.qa.hubspot.tests.LoginPageTest"/>
  <testcase name="verifyLoginPageTest" time="0.010" classname="com.qa.hubspot.tests.LoginPageTest"/>
  <testcase name="verifyLoginTest" time="0.480" classname="com.qa.hubspot.tests.LoginPageTest"/>
</testsuite> <!-- com.qa.hubspot.tests.LoginPageTest -->
