<?xml version="1.0" encoding="UTF-8"?>
<!-- Generated by org.testng.reporters.JUnitReportReporter -->
<testsuite skipped="0" hostname="Jeys-MBP.home" name="com.qa.hubspot.tests.LoginPageTest" tests="4" failures="0" timestamp="2020-06-09T14:47:34 EDT" time="5.394" errors="0">
  <testcase name="verifyAccountdontHaveText" time="4.868" classname="com.qa.hubspot.tests.LoginPageTest"/>
  <testcase name="verifySignUpLink" time="0.038" classname="com.qa.hubspot.tests.LoginPageTest"/>
  <testcase name="verifyLoginPageTest" time="0.024" classname="com.qa.hubspot.tests.LoginPageTest"/>
  <testcase name="verifyLoginTest" time="0.464" classname="com.qa.hubspot.tests.LoginPageTest"/>
</testsuite> <!-- com.qa.hubspot.tests.LoginPageTest -->
